  Align.cpp
  AlignData.cpp
  Bloated_FindKey.cpp
  ColdNode.cpp
  HotCold.cpp
  HotNode.cpp
  Matrix.cpp
  Vect.cpp
  AlignmentPrint_Tests.cpp
  AlignmentRework_Tests.cpp
  BloatedFindKey_Tests.cpp
  HotColdConvert_Tests.cpp
  HotColdLink_Tests.cpp
  HotColdTiming_Tests.cpp
  Bloated.cpp
  main.cpp
  Node.cpp
  Generating code
  Previous IPDB not found, fall back to full compilation.
  All 178 functions were compiled because no usable IPDB/IOBJ from previous compilation was found.
  Finished generating code
  PA2.vcxproj -> C:\Users\playd\Perforce\jdomino_HW_PA2\student\jdomino\PA2\Release\PA2.exe
